<?xml version="1.0" encoding="UTF-8"?>
<!-- Generated by org.testng.reporters.JUnitXMLReporter -->
<testsuite hostname="Jet" ignored="0" name="Default test" tests="3" failures="0" timestamp="04 Aug 2018 00:00:50 GMT" time="3.992" errors="0">
  <testcase name="fetchArticlesForSourceID" time="2.139" classname="com.claytonsheets.newssandwich.integration.GoogleNewsClientIT"/>
  <testcase name="fetchArticlesFromSources" time="1.151" classname="com.claytonsheets.newssandwich.integration.GoogleNewsClientIT"/>
  <testcase name="fetchSourceIDsTest" time="0.59" classname="com.claytonsheets.newssandwich.integration.GoogleNewsClientIT"/>
</testsuite> <!-- Default test -->
