<?xml version="1.0" encoding="UTF-8"?>
<testng-results skipped="0" failed="0" ignored="0" total="3" passed="3">
  <reporter-output>
  </reporter-output>
  <suite name="Default suite" duration-ms="3992" started-at="2018-08-04T00:00:46Z" finished-at="2018-08-04T00:00:50Z">
    <groups>
    </groups>
    <test name="Default test" duration-ms="3992" started-at="2018-08-04T00:00:46Z" finished-at="2018-08-04T00:00:50Z">
      <class name="com.claytonsheets.newssandwich.integration.GoogleNewsClientIT">
        <test-method status="PASS" signature="setup()[pri:0, instance:com.claytonsheets.newssandwich.integration.GoogleNewsClientIT@a67c67e]" name="setup" is-config="true" duration-ms="74" started-at="2018-08-04T00:00:46Z" finished-at="2018-08-04T00:00:46Z">
          <reporter-output>
          </reporter-output>
        </test-method> <!-- setup -->
        <test-method status="PASS" signature="fetchArticlesForSourceID()[pri:0, instance:com.claytonsheets.newssandwich.integration.GoogleNewsClientIT@a67c67e]" name="fetchArticlesForSourceID" duration-ms="2139" started-at="2018-08-04T00:00:46Z" finished-at="2018-08-04T00:00:49Z">
          <reporter-output>
          </reporter-output>
        </test-method> <!-- fetchArticlesForSourceID -->
        <test-method status="PASS" signature="setup()[pri:0, instance:com.claytonsheets.newssandwich.integration.GoogleNewsClientIT@a67c67e]" name="setup" is-config="true" duration-ms="4" started-at="2018-08-04T00:00:49Z" finished-at="2018-08-04T00:00:49Z">
          <reporter-output>
          </reporter-output>
        </test-method> <!-- setup -->
        <test-method status="PASS" signature="fetchArticlesFromSources()[pri:0, instance:com.claytonsheets.newssandwich.integration.GoogleNewsClientIT@a67c67e]" name="fetchArticlesFromSources" duration-ms="1151" started-at="2018-08-04T00:00:49Z" finished-at="2018-08-04T00:00:50Z">
          <reporter-output>
          </reporter-output>
        </test-method> <!-- fetchArticlesFromSources -->
        <test-method status="PASS" signature="fetchSourceIDsTest()[pri:0, instance:com.claytonsheets.newssandwich.integration.GoogleNewsClientIT@a67c67e]" name="fetchSourceIDsTest" duration-ms="590" started-at="2018-08-04T00:00:50Z" finished-at="2018-08-04T00:00:50Z">
          <reporter-output>
          </reporter-output>
        </test-method> <!-- fetchSourceIDsTest -->
        <test-method status="PASS" signature="setup()[pri:0, instance:com.claytonsheets.newssandwich.integration.GoogleNewsClientIT@a67c67e]" name="setup" is-config="true" duration-ms="0" started-at="2018-08-04T00:00:50Z" finished-at="2018-08-04T00:00:50Z">
          <reporter-output>
          </reporter-output>
        </test-method> <!-- setup -->
      </class> <!-- com.claytonsheets.newssandwich.integration.GoogleNewsClientIT -->
    </test> <!-- Default test -->
  </suite> <!-- Default suite -->
</testng-results>
